e:\go2\go2\controllers\dog_supervisor\x64\debug\vc143.pdb
e:\go2\go2\controllers\dog_supervisor\x64\debug\motion.obj
e:\go2\go2\controllers\dog_supervisor\x64\debug\lightsensor.obj
e:\go2\go2\controllers\dog_supervisor\x64\debug\lidar.obj
e:\go2\go2\controllers\dog_supervisor\x64\debug\led.obj
e:\go2\go2\controllers\dog_supervisor\x64\debug\keyboard.obj
e:\go2\go2\controllers\dog_supervisor\x64\debug\joystick.obj
e:\go2\go2\controllers\dog_supervisor\x64\debug\inertialunit.obj
e:\go2\go2\controllers\dog_supervisor\x64\debug\gyro.obj
e:\go2\go2\controllers\dog_supervisor\x64\debug\gps.obj
e:\go2\go2\controllers\dog_supervisor\x64\debug\field.obj
e:\go2\go2\controllers\dog_supervisor\x64\debug\emitter.obj
e:\go2\go2\controllers\dog_supervisor\x64\debug\distancesensor.obj
e:\go2\go2\controllers\dog_supervisor\x64\debug\display.obj
e:\go2\go2\controllers\dog_supervisor\x64\debug\device.obj
e:\go2\go2\controllers\dog_supervisor\x64\debug\connector.obj
e:\go2\go2\controllers\dog_supervisor\x64\debug\compass.obj
e:\go2\go2\controllers\dog_supervisor\x64\debug\camera.obj
e:\go2\go2\controllers\dog_supervisor\x64\debug\brake.obj
e:\go2\go2\controllers\dog_supervisor\x64\debug\altimeter.obj
e:\go2\go2\controllers\dog_supervisor\x64\debug\accelerometer.obj
e:\go2\go2\controllers\dog_supervisor\x64\debug\vacuumgripper.obj
e:\go2\go2\controllers\dog_supervisor\x64\debug\touchsensor.obj
e:\go2\go2\controllers\dog_supervisor\x64\debug\supervisor.obj
e:\go2\go2\controllers\dog_supervisor\x64\debug\speaker.obj
e:\go2\go2\controllers\dog_supervisor\x64\debug\skin.obj
e:\go2\go2\controllers\dog_supervisor\x64\debug\robot.obj
e:\go2\go2\controllers\dog_supervisor\x64\debug\receiver.obj
e:\go2\go2\controllers\dog_supervisor\x64\debug\rangefinder.obj
e:\go2\go2\controllers\dog_supervisor\x64\debug\radar.obj
e:\go2\go2\controllers\dog_supervisor\x64\debug\positionsensor.obj
e:\go2\go2\controllers\dog_supervisor\x64\debug\pen.obj
e:\go2\go2\controllers\dog_supervisor\x64\debug\node.obj
e:\go2\go2\controllers\dog_supervisor\x64\debug\mouse.obj
e:\go2\go2\controllers\dog_supervisor\x64\debug\motor.obj
e:\go2\go2\controllers\dog_supervisor\x64\debug\dog_supervisor.obj
e:\plicedogtest\policedog\go2 simulation using webots\controllers\dog_supervisor\x64\debug\vc143.pdb
e:\plicedogtest\policedog\go2 simulation using webots\controllers\dog_supervisor\x64\debug\vc143.idb
e:\plicedogtest\policedog\go2 simulation using webots\controllers\dog_supervisor\x64\debug\motion.obj
e:\plicedogtest\policedog\go2 simulation using webots\controllers\dog_supervisor\x64\debug\lightsensor.obj
e:\plicedogtest\policedog\go2 simulation using webots\controllers\dog_supervisor\x64\debug\lidar.obj
e:\plicedogtest\policedog\go2 simulation using webots\controllers\dog_supervisor\x64\debug\led.obj
e:\plicedogtest\policedog\go2 simulation using webots\controllers\dog_supervisor\x64\debug\keyboard.obj
e:\plicedogtest\policedog\go2 simulation using webots\controllers\dog_supervisor\x64\debug\joystick.obj
e:\plicedogtest\policedog\go2 simulation using webots\controllers\dog_supervisor\x64\debug\inertialunit.obj
e:\plicedogtest\policedog\go2 simulation using webots\controllers\dog_supervisor\x64\debug\gyro.obj
e:\plicedogtest\policedog\go2 simulation using webots\controllers\dog_supervisor\x64\debug\gps.obj
e:\plicedogtest\policedog\go2 simulation using webots\controllers\dog_supervisor\x64\debug\field.obj
e:\plicedogtest\policedog\go2 simulation using webots\controllers\dog_supervisor\x64\debug\emitter.obj
e:\plicedogtest\policedog\go2 simulation using webots\controllers\dog_supervisor\x64\debug\distancesensor.obj
e:\plicedogtest\policedog\go2 simulation using webots\controllers\dog_supervisor\x64\debug\display.obj
e:\plicedogtest\policedog\go2 simulation using webots\controllers\dog_supervisor\x64\debug\device.obj
e:\plicedogtest\policedog\go2 simulation using webots\controllers\dog_supervisor\x64\debug\connector.obj
e:\plicedogtest\policedog\go2 simulation using webots\controllers\dog_supervisor\x64\debug\compass.obj
e:\plicedogtest\policedog\go2 simulation using webots\controllers\dog_supervisor\x64\debug\camera.obj
e:\plicedogtest\policedog\go2 simulation using webots\controllers\dog_supervisor\x64\debug\brake.obj
e:\plicedogtest\policedog\go2 simulation using webots\controllers\dog_supervisor\x64\debug\altimeter.obj
e:\plicedogtest\policedog\go2 simulation using webots\controllers\dog_supervisor\x64\debug\accelerometer.obj
e:\plicedogtest\policedog\go2 simulation using webots\controllers\dog_supervisor\x64\debug\dog_supervisor.obj
e:\plicedogtest\policedog\go2 simulation using webots\controllers\dog_supervisor\x64\debug\vacuumgripper.obj
e:\plicedogtest\policedog\go2 simulation using webots\controllers\dog_supervisor\x64\debug\touchsensor.obj
e:\plicedogtest\policedog\go2 simulation using webots\controllers\dog_supervisor\x64\debug\supervisor.obj
e:\plicedogtest\policedog\go2 simulation using webots\controllers\dog_supervisor\x64\debug\speaker.obj
e:\plicedogtest\policedog\go2 simulation using webots\controllers\dog_supervisor\x64\debug\skin.obj
e:\plicedogtest\policedog\go2 simulation using webots\controllers\dog_supervisor\x64\debug\robot.obj
e:\plicedogtest\policedog\go2 simulation using webots\controllers\dog_supervisor\x64\debug\receiver.obj
e:\plicedogtest\policedog\go2 simulation using webots\controllers\dog_supervisor\x64\debug\rangefinder.obj
e:\plicedogtest\policedog\go2 simulation using webots\controllers\dog_supervisor\x64\debug\radar.obj
e:\plicedogtest\policedog\go2 simulation using webots\controllers\dog_supervisor\x64\debug\positionsensor.obj
e:\plicedogtest\policedog\go2 simulation using webots\controllers\dog_supervisor\x64\debug\pen.obj
e:\plicedogtest\policedog\go2 simulation using webots\controllers\dog_supervisor\x64\debug\node.obj
e:\plicedogtest\policedog\go2 simulation using webots\controllers\dog_supervisor\x64\debug\mouse.obj
e:\plicedogtest\policedog\go2 simulation using webots\controllers\dog_supervisor\x64\debug\motor.obj
e:\go2\go2\controllers\dog_supervisor\dog_supervisor.exe
e:\go2\go2\controllers\dog_supervisor\x64\debug\dog_supervisor.ipdb
e:\go2\go2\controllers\dog_supervisor\dog_supervisor.pdb
e:\go2\go2\controllers\dog_supervisor\x64\debug\dog_supervisor.iobj
e:\plicedogtest\policedog\go2 simulation using webots\controllers\dog_supervisor\x64\debug\dog_supervisor.ilk
e:\plicedogtest\policedog\go2 simulation using webots\controllers\dog_supervisor\dog_supervisor.exe
e:\plicedogtest\policedog\go2 simulation using webots\controllers\dog_supervisor\dog_supervisor.pdb
e:\plicedogtest\policedog\go2 simulation using webots\controllers\dog_supervisor\x64\debug\dog_supervisor.ipdb
e:\plicedogtest\policedog\go2 simulation using webots\controllers\dog_supervisor\x64\debug\dog_supervisor.iobj
e:\plicedogtest\policedog\go2 simulation using webots\controllers\dog_supervisor\x64\debug\dog_supervisor.pdb
e:\plicedogtest\policedog\go2 simulation using webots\controllers\dog_supervisor\x64\debug\.\dog_supervisor.pdb
e:\plicedogtest\policedog\go2 simulation using webots\controllers\dog_supervisor\x64\debug\.\dog_supervisor.ilk
e:\plicedogtest\policedog\go2 simulation using webots\controllers\dog_supervisor\x64\debug\dog_supervisor.tlog\cl.command.1.tlog
e:\plicedogtest\policedog\go2 simulation using webots\controllers\dog_supervisor\x64\debug\dog_supervisor.tlog\cl.read.1.tlog
e:\plicedogtest\policedog\go2 simulation using webots\controllers\dog_supervisor\x64\debug\dog_supervisor.tlog\cl.write.1.tlog
e:\plicedogtest\policedog\go2 simulation using webots\controllers\dog_supervisor\x64\debug\dog_supervisor.tlog\link.command.1.tlog
e:\plicedogtest\policedog\go2 simulation using webots\controllers\dog_supervisor\x64\debug\dog_supervisor.tlog\link.read.1.tlog
e:\plicedogtest\policedog\go2 simulation using webots\controllers\dog_supervisor\x64\debug\dog_supervisor.tlog\link.write.1.tlog
